# JRE version: Java(TM) SE Runtime Environment (8.0_05-b13) (build 1.8.0_05-b13)
# Java VM: Java HotSpot(TM) Client VM (25.5-b02 mixed mode windows-x86 )
Heap:
 def new generation   total 8832K, used 2032K [0x03e00000, 0x04790000, 0x09350000)
  eden space 7872K,  19% used [0x03e00000, 0x03f84f30, 0x045b0000)
  from space 960K,  49% used [0x045b0000, 0x04627310, 0x046a0000)
  to   space 960K,   0% used [0x046a0000, 0x046a0000, 0x04790000)
 tenured generation   total 19480K, used 16246K [0x09350000, 0x0a656000, 0x13e00000)
   the space 19480K,  83% used [0x09350000, 0x0a32da30, 0x0a32dc00, 0x0a656000)
 Metaspace       used 16251K, capacity 16410K, committed 16512K, reserved 16768K
GC Heap History (10 events):
Event: 4.169 GC heap before
{Heap before GC invocations=20 (full 1):
 def new generation   total 4992K, used 4991K [0x03e00000, 0x04360000, 0x09350000)
  eden space 4480K, 100% used [0x03e00000, 0x04260000, 0x04260000)
  from space 512K,  99% used [0x04260000, 0x042dfff8, 0x042e0000)
  to   space 512K,   0% used [0x042e0000, 0x042e0000, 0x04360000)
 tenured generation   total 10944K, used 10841K [0x09350000, 0x09e00000, 0x13e00000)
   the space 10944K,  99% used [0x09350000, 0x09de6648, 0x09de6800, 0x09e00000)
 Metaspace       used 15854K, capacity 16008K, committed 16128K, reserved 16768K
Event: 4.216 GC heap after
Heap after GC invocations=21 (full 2):
 def new generation   total 8832K, used 0K [0x03e00000, 0x04790000, 0x09350000)
  eden space 7872K,   0% used [0x03e00000, 0x03e00000, 0x045b0000)
  from space 960K,   0% used [0x045b0000, 0x045b0000, 0x046a0000)
  to   space 960K,   0% used [0x046a0000, 0x046a0000, 0x04790000)
 tenured generation   total 19480K, used 11685K [0x09350000, 0x0a656000, 0x13e00000)
   the space 19480K,  59% used [0x09350000, 0x09eb9740, 0x09eb9800, 0x0a656000)
 Metaspace       used 15854K, capacity 16008K, committed 16128K, reserved 16768K
}
Event: 4.380 GC heap before
{Heap before GC invocations=21 (full 2):
 def new generation   total 8832K, used 7872K [0x03e00000, 0x04790000, 0x09350000)
  eden space 7872K, 100% used [0x03e00000, 0x045b0000, 0x045b0000)
  from space 960K,   0% used [0x045b0000, 0x045b0000, 0x046a0000)
  to   space 960K,   0% used [0x046a0000, 0x046a0000, 0x04790000)
 tenured generation   total 19480K, used 11685K [0x09350000, 0x0a656000, 0x13e00000)
   the space 19480K,  59% used [0x09350000, 0x09eb9740, 0x09eb9800, 0x0a656000)
 Metaspace       used 15871K, capacity 16008K, committed 16128K, reserved 16768K
Event: 4.387 GC heap after
Heap after GC invocations=22 (full 2):
 def new generation   total 8832K, used 960K [0x03e00000, 0x04790000, 0x09350000)
  eden space 7872K,   0% used [0x03e00000, 0x03e00000, 0x045b0000)
  from space 960K, 100% used [0x046a0000, 0x04790000, 0x04790000)
  to   space 960K,   0% used [0x045b0000, 0x045b0000, 0x046a0000)
 tenured generation   total 19480K, used 12576K [0x09350000, 0x0a656000, 0x13e00000)
   the space 19480K,  64% used [0x09350000, 0x09f98350, 0x09f98400, 0x0a656000)
 Metaspace       used 15871K, capacity 16008K, committed 16128K, reserved 16768K
}
Event: 5.000 GC heap before
{Heap before GC invocations=22 (full 2):
 def new generation   total 8832K, used 8832K [0x03e00000, 0x04790000, 0x09350000)
  eden space 7872K, 100% used [0x03e00000, 0x045b0000, 0x045b0000)
  from space 960K, 100% used [0x046a0000, 0x04790000, 0x04790000)
  to   space 960K,   0% used [0x045b0000, 0x045b0000, 0x046a0000)
 tenured generation   total 19480K, used 12576K [0x09350000, 0x0a656000, 0x13e00000)
   the space 19480K,  64% used [0x09350000, 0x09f98350, 0x09f98400, 0x0a656000)
 Metaspace       used 15888K, capacity 16011K, committed 16128K, reserved 16768K
Event: 5.007 GC heap after
Heap after GC invocations=23 (full 2):
 def new generation   total 8832K, used 876K [0x03e00000, 0x04790000, 0x09350000)
  eden space 7872K,   0% used [0x03e00000, 0x03e00000, 0x045b0000)
  from space 960K,  91% used [0x045b0000, 0x0468b260, 0x046a0000)
  to   space 960K,   0% used [0x046a0000, 0x046a0000, 0x04790000)
 tenured generation   total 19480K, used 13525K [0x09350000, 0x0a656000, 0x13e00000)
   the space 19480K,  69% used [0x09350000, 0x0a0856d0, 0x0a085800, 0x0a656000)
 Metaspace       used 15888K, capacity 16011K, committed 16128K, reserved 16768K
}
Event: 5.283 GC heap before
{Heap before GC invocations=23 (full 2):
 def new generation   total 8832K, used 8748K [0x03e00000, 0x04790000, 0x09350000)
  eden space 7872K, 100% used [0x03e00000, 0x045b0000, 0x045b0000)
  from space 960K,  91% used [0x045b0000, 0x0468b260, 0x046a0000)
  to   space 960K,   0% used [0x046a0000, 0x046a0000, 0x04790000)
 tenured generation   total 19480K, used 13525K [0x09350000, 0x0a656000, 0x13e00000)
   the space 19480K,  69% used [0x09350000, 0x0a0856d0, 0x0a085800, 0x0a656000)
 Metaspace       used 15950K, capacity 16080K, committed 16256K, reserved 16768K
Event: 5.295 GC heap after
Heap after GC invocations=24 (full 2):
 def new generation   total 8832K, used 960K [0x03e00000, 0x04790000, 0x09350000)
  eden space 7872K,   0% used [0x03e00000, 0x03e00000, 0x045b0000)
  from space 960K, 100% used [0x046a0000, 0x04790000, 0x04790000)
  to   space 960K,   0% used [0x045b0000, 0x045b0000, 0x046a0000)
 tenured generation   total 19480K, used 16119K [0x09350000, 0x0a656000, 0x13e00000)
   the space 19480K,  82% used [0x09350000, 0x0a30df98, 0x0a30e000, 0x0a656000)
 Metaspace       used 15950K, capacity 16080K, committed 16256K, reserved 16768K
}
Event: 5.440 GC heap before
{Heap before GC invocations=24 (full 2):
 def new generation   total 8832K, used 8832K [0x03e00000, 0x04790000, 0x09350000)
  eden space 7872K, 100% used [0x03e00000, 0x045b0000, 0x045b0000)
  from space 960K, 100% used [0x046a0000, 0x04790000, 0x04790000)
  to   space 960K,   0% used [0x045b0000, 0x045b0000, 0x046a0000)
 tenured generation   total 19480K, used 16119K [0x09350000, 0x0a656000, 0x13e00000)
   the space 19480K,  82% used [0x09350000, 0x0a30df98, 0x0a30e000, 0x0a656000)
 Metaspace       used 16143K, capacity 16272K, committed 16384K, reserved 16768K
Event: 5.444 GC heap after
Heap after GC invocations=25 (full 2):
 def new generation   total 8832K, used 476K [0x03e00000, 0x04790000, 0x09350000)
  eden space 7872K,   0% used [0x03e00000, 0x03e00000, 0x045b0000)
  from space 960K,  49% used [0x045b0000, 0x04627310, 0x046a0000)
  to   space 960K,   0% used [0x046a0000, 0x046a0000, 0x04790000)
 tenured generation   total 19480K, used 16246K [0x09350000, 0x0a656000, 0x13e00000)
   the space 19480K,  83% used [0x09350000, 0x0a32da30, 0x0a32dc00, 0x0a656000)
 Metaspace       used 16143K, capacity 16272K, committed 16384K, reserved 16768K
}

