# JRE version: Java(TM) SE Runtime Environment (8.0_05-b13) (build 1.8.0_05-b13)
# Java VM: Java HotSpot(TM) Client VM (25.5-b02 mixed mode windows-x86 )
Heap:
 def new generation   total 8832K, used 2568K [0x03a00000, 0x04390000, 0x08f50000)
  eden space 7872K,  28% used [0x03a00000, 0x03c27b78, 0x041b0000)
  from space 960K,  37% used [0x041b0000, 0x0420a5c0, 0x042a0000)
  to   space 960K,   0% used [0x042a0000, 0x042a0000, 0x04390000)
 tenured generation   total 19460K, used 16703K [0x08f50000, 0x0a251000, 0x13a00000)
   the space 19460K,  85% used [0x08f50000, 0x09f9fc88, 0x09f9fe00, 0x0a251000)
 Metaspace       used 16118K, capacity 16279K, committed 16384K, reserved 16768K
GC Heap History (10 events):
Event: 4.122 GC heap before
{Heap before GC invocations=20 (full 1):
 def new generation   total 4992K, used 4992K [0x03a00000, 0x03f60000, 0x08f50000)
  eden space 4480K, 100% used [0x03a00000, 0x03e60000, 0x03e60000)
  from space 512K, 100% used [0x03e60000, 0x03ee0000, 0x03ee0000)
  to   space 512K,   0% used [0x03ee0000, 0x03ee0000, 0x03f60000)
 tenured generation   total 10944K, used 10831K [0x08f50000, 0x09a00000, 0x13a00000)
   the space 10944K,  98% used [0x08f50000, 0x099e3c00, 0x099e3c00, 0x09a00000)
 Metaspace       used 15856K, capacity 16008K, committed 16128K, reserved 16768K
Event: 4.169 GC heap after
Heap after GC invocations=21 (full 2):
 def new generation   total 8832K, used 0K [0x03a00000, 0x04390000, 0x08f50000)
  eden space 7872K,   0% used [0x03a00000, 0x03a00000, 0x041b0000)
  from space 960K,   0% used [0x041b0000, 0x041b0000, 0x042a0000)
  to   space 960K,   0% used [0x042a0000, 0x042a0000, 0x04390000)
 tenured generation   total 19460K, used 11674K [0x08f50000, 0x0a251000, 0x13a00000)
   the space 19460K,  59% used [0x08f50000, 0x09ab69b8, 0x09ab6a00, 0x0a251000)
 Metaspace       used 15856K, capacity 16008K, committed 16128K, reserved 16768K
}
Event: 4.632 GC heap before
{Heap before GC invocations=21 (full 2):
 def new generation   total 8832K, used 7872K [0x03a00000, 0x04390000, 0x08f50000)
  eden space 7872K, 100% used [0x03a00000, 0x041b0000, 0x041b0000)
  from space 960K,   0% used [0x041b0000, 0x041b0000, 0x042a0000)
  to   space 960K,   0% used [0x042a0000, 0x042a0000, 0x04390000)
 tenured generation   total 19460K, used 11674K [0x08f50000, 0x0a251000, 0x13a00000)
   the space 19460K,  59% used [0x08f50000, 0x09ab69b8, 0x09ab6a00, 0x0a251000)
 Metaspace       used 15881K, capacity 16008K, committed 16128K, reserved 16768K
Event: 4.639 GC heap after
Heap after GC invocations=22 (full 2):
 def new generation   total 8832K, used 960K [0x03a00000, 0x04390000, 0x08f50000)
  eden space 7872K,   0% used [0x03a00000, 0x03a00000, 0x041b0000)
  from space 960K, 100% used [0x042a0000, 0x04390000, 0x04390000)
  to   space 960K,   0% used [0x041b0000, 0x041b0000, 0x042a0000)
 tenured generation   total 19460K, used 11973K [0x08f50000, 0x0a251000, 0x13a00000)
   the space 19460K,  61% used [0x08f50000, 0x09b01788, 0x09b01800, 0x0a251000)
 Metaspace       used 15881K, capacity 16008K, committed 16128K, reserved 16768K
}
Event: 4.970 GC heap before
{Heap before GC invocations=22 (full 2):
 def new generation   total 8832K, used 8832K [0x03a00000, 0x04390000, 0x08f50000)
  eden space 7872K, 100% used [0x03a00000, 0x041b0000, 0x041b0000)
  from space 960K, 100% used [0x042a0000, 0x04390000, 0x04390000)
  to   space 960K,   0% used [0x041b0000, 0x041b0000, 0x042a0000)
 tenured generation   total 19460K, used 11973K [0x08f50000, 0x0a251000, 0x13a00000)
   the space 19460K,  61% used [0x08f50000, 0x09b01788, 0x09b01800, 0x0a251000)
 Metaspace       used 15889K, capacity 16040K, committed 16128K, reserved 16768K
Event: 4.979 GC heap after
Heap after GC invocations=23 (full 2):
 def new generation   total 8832K, used 960K [0x03a00000, 0x04390000, 0x08f50000)
  eden space 7872K,   0% used [0x03a00000, 0x03a00000, 0x041b0000)
  from space 960K, 100% used [0x041b0000, 0x042a0000, 0x042a0000)
  to   space 960K,   0% used [0x042a0000, 0x042a0000, 0x04390000)
 tenured generation   total 19460K, used 13549K [0x08f50000, 0x0a251000, 0x13a00000)
   the space 19460K,  69% used [0x08f50000, 0x09c8b430, 0x09c8b600, 0x0a251000)
 Metaspace       used 15889K, capacity 16040K, committed 16128K, reserved 16768K
}
Event: 5.288 GC heap before
{Heap before GC invocations=23 (full 2):
 def new generation   total 8832K, used 8832K [0x03a00000, 0x04390000, 0x08f50000)
  eden space 7872K, 100% used [0x03a00000, 0x041b0000, 0x041b0000)
  from space 960K, 100% used [0x041b0000, 0x042a0000, 0x042a0000)
  to   space 960K,   0% used [0x042a0000, 0x042a0000, 0x04390000)
 tenured generation   total 19460K, used 13549K [0x08f50000, 0x0a251000, 0x13a00000)
   the space 19460K,  69% used [0x08f50000, 0x09c8b430, 0x09c8b600, 0x0a251000)
 Metaspace       used 15951K, capacity 16109K, committed 16256K, reserved 16768K
Event: 5.300 GC heap after
Heap after GC invocations=24 (full 2):
 def new generation   total 8832K, used 960K [0x03a00000, 0x04390000, 0x08f50000)
  eden space 7872K,   0% used [0x03a00000, 0x03a00000, 0x041b0000)
  from space 960K, 100% used [0x042a0000, 0x04390000, 0x04390000)
  to   space 960K,   0% used [0x041b0000, 0x041b0000, 0x042a0000)
 tenured generation   total 19460K, used 15931K [0x08f50000, 0x0a251000, 0x13a00000)
   the space 19460K,  81% used [0x08f50000, 0x09ededb0, 0x09edee00, 0x0a251000)
 Metaspace       used 15951K, capacity 16109K, committed 16256K, reserved 16768K
}
Event: 5.439 GC heap before
{Heap before GC invocations=24 (full 2):
 def new generation   total 8832K, used 8832K [0x03a00000, 0x04390000, 0x08f50000)
  eden space 7872K, 100% used [0x03a00000, 0x041b0000, 0x041b0000)
  from space 960K, 100% used [0x042a0000, 0x04390000, 0x04390000)
  to   space 960K,   0% used [0x041b0000, 0x041b0000, 0x042a0000)
 tenured generation   total 19460K, used 15931K [0x08f50000, 0x0a251000, 0x13a00000)
   the space 19460K,  81% used [0x08f50000, 0x09ededb0, 0x09edee00, 0x0a251000)
 Metaspace       used 15994K, capacity 16173K, committed 16256K, reserved 16768K
Event: 5.445 GC heap after
Heap after GC invocations=25 (full 2):
 def new generation   total 8832K, used 361K [0x03a00000, 0x04390000, 0x08f50000)
  eden space 7872K,   0% used [0x03a00000, 0x03a00000, 0x041b0000)
  from space 960K,  37% used [0x041b0000, 0x0420a5c0, 0x042a0000)
  to   space 960K,   0% used [0x042a0000, 0x042a0000, 0x04390000)
 tenured generation   total 19460K, used 16703K [0x08f50000, 0x0a251000, 0x13a00000)
   the space 19460K,  85% used [0x08f50000, 0x09f9fc88, 0x09f9fe00, 0x0a251000)
 Metaspace       used 15994K, capacity 16173K, committed 16256K, reserved 16768K
}

