# JRE version: 7.0_15-b03
# Java VM: Java HotSpot(TM) Client VM (23.7-b01 mixed mode, sharing windows-x86 )
Heap
 def new generation   total 8448K, used 5860K [0x235f0000, 0x23f10000, 0x28b40000)
  eden space 7552K,  67% used [0x235f0000, 0x23ae7cc8, 0x23d50000)
  from space 896K,  86% used [0x23d50000, 0x23e115b0, 0x23e30000)
  to   space 896K,   0% used [0x23e30000, 0x23e30000, 0x23f10000)
 tenured generation   total 18616K, used 15957K [0x28b40000, 0x29d6e000, 0x335f0000)
   the space 18616K,  85% used [0x28b40000, 0x29ad57c0, 0x29ad5800, 0x29d6e000)
 compacting perm gen  total 12288K, used 5861K [0x335f0000, 0x341f0000, 0x375f0000)
   the space 12288K,  47% used [0x335f0000, 0x33ba97d8, 0x33ba9800, 0x341f0000)
    ro space 10240K,  45% used [0x375f0000, 0x37a77290, 0x37a77400, 0x37ff0000)
    rw space 12288K,  54% used [0x37ff0000, 0x3867ace8, 0x3867ae00, 0x38bf0000)
GC Heap History (10 events):
Event: 15.457 GC heap before
{Heap before GC invocations=12 (full 0):
 def new generation   total 4928K, used 4928K [0x235f0000, 0x23b40000, 0x28b40000)
  eden space 4416K, 100% used [0x235f0000, 0x23a40000, 0x23a40000)
  from space 512K, 100% used [0x23a40000, 0x23ac0000, 0x23ac0000)
  to   space 512K,   0% used [0x23ac0000, 0x23ac0000, 0x23b40000)
 tenured generation   total 10944K, used 10728K [0x28b40000, 0x295f0000, 0x335f0000)
   the space 10944K,  98% used [0x28b40000, 0x295ba328, 0x295ba400, 0x295f0000)
 compacting perm gen  total 12288K, used 5846K [0x335f0000, 0x341f0000, 0x375f0000)
   the space 12288K,  47% used [0x335f0000, 0x33ba5820, 0x33ba5a00, 0x341f0000)
    ro space 10240K,  45% used [0x375f0000, 0x37a77290, 0x37a77400, 0x37ff0000)
    rw space 12288K,  54% used [0x37ff0000, 0x3867ace8, 0x3867ae00, 0x38bf0000)
Event: 15.513 GC heap after
Heap after GC invocations=13 (full 1):
 def new generation   total 8448K, used 0K [0x235f0000, 0x23f10000, 0x28b40000)
  eden space 7552K,   0% used [0x235f0000, 0x235f0000, 0x23d50000)
  from space 896K,   0% used [0x23d50000, 0x23d50000, 0x23e30000)
  to   space 896K,   0% used [0x23e30000, 0x23e30000, 0x23f10000)
 tenured generation   total 18616K, used 11168K [0x28b40000, 0x29d6e000, 0x335f0000)
   the space 18616K,  59% used [0x28b40000, 0x29628100, 0x29628200, 0x29d6e000)
 compacting perm gen  total 12288K, used 5846K [0x335f0000, 0x341f0000, 0x375f0000)
   the space 12288K,  47% used [0x335f0000, 0x33ba5820, 0x33ba5a00, 0x341f0000)
    ro space 10240K,  45% used [0x375f0000, 0x37a77290, 0x37a77400, 0x37ff0000)
    rw space 12288K,  54% used [0x37ff0000, 0x3867ace8, 0x3867ae00, 0x38bf0000)
}
Event: 16.500 GC heap before
{Heap before GC invocations=13 (full 1):
 def new generation   total 8448K, used 7552K [0x235f0000, 0x23f10000, 0x28b40000)
  eden space 7552K, 100% used [0x235f0000, 0x23d50000, 0x23d50000)
  from space 896K,   0% used [0x23d50000, 0x23d50000, 0x23e30000)
  to   space 896K,   0% used [0x23e30000, 0x23e30000, 0x23f10000)
 tenured generation   total 18616K, used 11168K [0x28b40000, 0x29d6e000, 0x335f0000)
   the space 18616K,  59% used [0x28b40000, 0x29628100, 0x29628200, 0x29d6e000)
 compacting perm gen  total 12288K, used 5853K [0x335f0000, 0x341f0000, 0x375f0000)
   the space 12288K,  47% used [0x335f0000, 0x33ba75e8, 0x33ba7600, 0x341f0000)
    ro space 10240K,  45% used [0x375f0000, 0x37a77290, 0x37a77400, 0x37ff0000)
    rw space 12288K,  54% used [0x37ff0000, 0x3867ace8, 0x3867ae00, 0x38bf0000)
Event: 16.504 GC heap after
Heap after GC invocations=14 (full 1):
 def new generation   total 8448K, used 895K [0x235f0000, 0x23f10000, 0x28b40000)
  eden space 7552K,   0% used [0x235f0000, 0x235f0000, 0x23d50000)
  from space 896K,  99% used [0x23e30000, 0x23f0fff8, 0x23f10000)
  to   space 896K,   0% used [0x23d50000, 0x23d50000, 0x23e30000)
 tenured generation   total 18616K, used 12262K [0x28b40000, 0x29d6e000, 0x335f0000)
   the space 18616K,  65% used [0x28b40000, 0x29739918, 0x29739a00, 0x29d6e000)
 compacting perm gen  total 12288K, used 5853K [0x335f0000, 0x341f0000, 0x375f0000)
   the space 12288K,  47% used [0x335f0000, 0x33ba75e8, 0x33ba7600, 0x341f0000)
    ro space 10240K,  45% used [0x375f0000, 0x37a77290, 0x37a77400, 0x37ff0000)
    rw space 12288K,  54% used [0x37ff0000, 0x3867ace8, 0x3867ae00, 0x38bf0000)
}
Event: 16.587 GC heap before
{Heap before GC invocations=14 (full 1):
 def new generation   total 8448K, used 8447K [0x235f0000, 0x23f10000, 0x28b40000)
  eden space 7552K, 100% used [0x235f0000, 0x23d50000, 0x23d50000)
  from space 896K,  99% used [0x23e30000, 0x23f0fff8, 0x23f10000)
  to   space 896K,   0% used [0x23d50000, 0x23d50000, 0x23e30000)
 tenured generation   total 18616K, used 12262K [0x28b40000, 0x29d6e000, 0x335f0000)
   the space 18616K,  65% used [0x28b40000, 0x29739918, 0x29739a00, 0x29d6e000)
 compacting perm gen  total 12288K, used 5861K [0x335f0000, 0x341f0000, 0x375f0000)
   the space 12288K,  47% used [0x335f0000, 0x33ba97c8, 0x33ba9800, 0x341f0000)
    ro space 10240K,  45% used [0x375f0000, 0x37a77290, 0x37a77400, 0x37ff0000)
    rw space 12288K,  54% used [0x37ff0000, 0x3867ace8, 0x3867ae00, 0x38bf0000)
Event: 16.596 GC heap after
Heap after GC invocations=15 (full 1):
 def new generation   total 8448K, used 896K [0x235f0000, 0x23f10000, 0x28b40000)
  eden space 7552K,   0% used [0x235f0000, 0x235f0000, 0x23d50000)
  from space 896K, 100% used [0x23d50000, 0x23e30000, 0x23e30000)
  to   space 896K,   0% used [0x23e30000, 0x23e30000, 0x23f10000)
 tenured generation   total 18616K, used 14290K [0x28b40000, 0x29d6e000, 0x335f0000)
   the space 18616K,  76% used [0x28b40000, 0x29934950, 0x29934a00, 0x29d6e000)
 compacting perm gen  total 12288K, used 5861K [0x335f0000, 0x341f0000, 0x375f0000)
   the space 12288K,  47% used [0x335f0000, 0x33ba97c8, 0x33ba9800, 0x341f0000)
    ro space 10240K,  45% used [0x375f0000, 0x37a77290, 0x37a77400, 0x37ff0000)
    rw space 12288K,  54% used [0x37ff0000, 0x3867ace8, 0x3867ae00, 0x38bf0000)
}
Event: 16.630 GC heap before
{Heap before GC invocations=15 (full 1):
 def new generation   total 8448K, used 8448K [0x235f0000, 0x23f10000, 0x28b40000)
  eden space 7552K, 100% used [0x235f0000, 0x23d50000, 0x23d50000)
  from space 896K, 100% used [0x23d50000, 0x23e30000, 0x23e30000)
  to   space 896K,   0% used [0x23e30000, 0x23e30000, 0x23f10000)
 tenured generation   total 18616K, used 14290K [0x28b40000, 0x29d6e000, 0x335f0000)
   the space 18616K,  76% used [0x28b40000, 0x29934950, 0x29934a00, 0x29d6e000)
 compacting perm gen  total 12288K, used 5861K [0x335f0000, 0x341f0000, 0x375f0000)
   the space 12288K,  47% used [0x335f0000, 0x33ba97c8, 0x33ba9800, 0x341f0000)
    ro space 10240K,  45% used [0x375f0000, 0x37a77290, 0x37a77400, 0x37ff0000)
    rw space 12288K,  54% used [0x37ff0000, 0x3867ace8, 0x3867ae00, 0x38bf0000)
Event: 16.637 GC heap after
Heap after GC invocations=16 (full 1):
 def new generation   total 8448K, used 771K [0x235f0000, 0x23f10000, 0x28b40000)
  eden space 7552K,   0% used [0x235f0000, 0x235f0000, 0x23d50000)
  from space 896K,  86% used [0x23e30000, 0x23ef0fb0, 0x23f10000)
  to   space 896K,   0% used [0x23d50000, 0x23d50000, 0x23e30000)
 tenured generation   total 18616K, used 15186K [0x28b40000, 0x29d6e000, 0x335f0000)
   the space 18616K,  81% used [0x28b40000, 0x29a14900, 0x29a14a00, 0x29d6e000)
 compacting perm gen  total 12288K, used 5861K [0x335f0000, 0x341f0000, 0x375f0000)
   the space 12288K,  47% used [0x335f0000, 0x33ba97c8, 0x33ba9800, 0x341f0000)
    ro space 10240K,  45% used [0x375f0000, 0x37a77290, 0x37a77400, 0x37ff0000)
    rw space 12288K,  54% used [0x37ff0000, 0x3867ace8, 0x3867ae00, 0x38bf0000)
}
Event: 16.664 GC heap before
{Heap before GC invocations=16 (full 1):
 def new generation   total 8448K, used 8323K [0x235f0000, 0x23f10000, 0x28b40000)
  eden space 7552K, 100% used [0x235f0000, 0x23d50000, 0x23d50000)
  from space 896K,  86% used [0x23e30000, 0x23ef0fb0, 0x23f10000)
  to   space 896K,   0% used [0x23d50000, 0x23d50000, 0x23e30000)
 tenured generation   total 18616K, used 15186K [0x28b40000, 0x29d6e000, 0x335f0000)
   the space 18616K,  81% used [0x28b40000, 0x29a14900, 0x29a14a00, 0x29d6e000)
 compacting perm gen  total 12288K, used 5861K [0x335f0000, 0x341f0000, 0x375f0000)
   the space 12288K,  47% used [0x335f0000, 0x33ba97c8, 0x33ba9800, 0x341f0000)
    ro space 10240K,  45% used [0x375f0000, 0x37a77290, 0x37a77400, 0x37ff0000)
    rw space 12288K,  54% used [0x37ff0000, 0x3867ace8, 0x3867ae00, 0x38bf0000)
Event: 16.671 GC heap after
Heap after GC invocations=17 (full 1):
 def new generation   total 8448K, used 773K [0x235f0000, 0x23f10000, 0x28b40000)
  eden space 7552K,   0% used [0x235f0000, 0x235f0000, 0x23d50000)
  from space 896K,  86% used [0x23d50000, 0x23e115b0, 0x23e30000)
  to   space 896K,   0% used [0x23e30000, 0x23e30000, 0x23f10000)
 tenured generation   total 18616K, used 15957K [0x28b40000, 0x29d6e000, 0x335f0000)
   the space 18616K,  85% used [0x28b40000, 0x29ad57c0, 0x29ad5800, 0x29d6e000)
 compacting perm gen  total 12288K, used 5861K [0x335f0000, 0x341f0000, 0x375f0000)
   the space 12288K,  47% used [0x335f0000, 0x33ba97c8, 0x33ba9800, 0x341f0000)
    ro space 10240K,  45% used [0x375f0000, 0x37a77290, 0x37a77400, 0x37ff0000)
    rw space 12288K,  54% used [0x37ff0000, 0x3867ace8, 0x3867ae00, 0x38bf0000)
}

