# JRE version: 7.0_15-b03
# Java VM: Java HotSpot(TM) Client VM (23.7-b01 mixed mode, sharing windows-x86 )
Heap
 def new generation   total 4928K, used 4789K [0x235f0000, 0x23b40000, 0x28b40000)
  eden space 4416K,  96% used [0x235f0000, 0x23a1d4e0, 0x23a40000)
  from space 512K, 100% used [0x23a40000, 0x23ac0000, 0x23ac0000)
  to   space 512K,   0% used [0x23ac0000, 0x23ac0000, 0x23b40000)
 tenured generation   total 10944K, used 10655K [0x28b40000, 0x295f0000, 0x335f0000)
   the space 10944K,  97% used [0x28b40000, 0x295a7d00, 0x295a7e00, 0x295f0000)
 compacting perm gen  total 12288K, used 5838K [0x335f0000, 0x341f0000, 0x375f0000)
   the space 12288K,  47% used [0x335f0000, 0x33ba3b10, 0x33ba3c00, 0x341f0000)
    ro space 10240K,  45% used [0x375f0000, 0x37a77290, 0x37a77400, 0x37ff0000)
    rw space 12288K,  54% used [0x37ff0000, 0x3867ace8, 0x3867ae00, 0x38bf0000)
GC Heap History (10 events):
Event: 1.302 GC heap before
{Heap before GC invocations=7 (full 0):
 def new generation   total 4928K, used 4876K [0x235f0000, 0x23b40000, 0x28b40000)
  eden space 4416K, 100% used [0x235f0000, 0x23a40000, 0x23a40000)
  from space 512K,  89% used [0x23ac0000, 0x23b332c0, 0x23b40000)
  to   space 512K,   0% used [0x23a40000, 0x23a40000, 0x23ac0000)
 tenured generation   total 10944K, used 9170K [0x28b40000, 0x295f0000, 0x335f0000)
   the space 10944K,  83% used [0x28b40000, 0x29434970, 0x29434a00, 0x295f0000)
 compacting perm gen  total 12288K, used 4169K [0x335f0000, 0x341f0000, 0x375f0000)
   the space 12288K,  33% used [0x335f0000, 0x33a024c0, 0x33a02600, 0x341f0000)
    ro space 10240K,  45% used [0x375f0000, 0x37a77290, 0x37a77400, 0x37ff0000)
    rw space 12288K,  54% used [0x37ff0000, 0x3867ace8, 0x3867ae00, 0x38bf0000)
Event: 1.305 GC heap after
Heap after GC invocations=8 (full 0):
 def new generation   total 4928K, used 512K [0x235f0000, 0x23b40000, 0x28b40000)
  eden space 4416K,   0% used [0x235f0000, 0x235f0000, 0x23a40000)
  from space 512K, 100% used [0x23a40000, 0x23ac0000, 0x23ac0000)
  to   space 512K,   0% used [0x23ac0000, 0x23ac0000, 0x23b40000)
 tenured generation   total 10944K, used 9655K [0x28b40000, 0x295f0000, 0x335f0000)
   the space 10944K,  88% used [0x28b40000, 0x294adcc8, 0x294ade00, 0x295f0000)
 compacting perm gen  total 12288K, used 4169K [0x335f0000, 0x341f0000, 0x375f0000)
   the space 12288K,  33% used [0x335f0000, 0x33a024c0, 0x33a02600, 0x341f0000)
    ro space 10240K,  45% used [0x375f0000, 0x37a77290, 0x37a77400, 0x37ff0000)
    rw space 12288K,  54% used [0x37ff0000, 0x3867ace8, 0x3867ae00, 0x38bf0000)
}
Event: 1.345 GC heap before
{Heap before GC invocations=8 (full 0):
 def new generation   total 4928K, used 4928K [0x235f0000, 0x23b40000, 0x28b40000)
  eden space 4416K, 100% used [0x235f0000, 0x23a40000, 0x23a40000)
  from space 512K, 100% used [0x23a40000, 0x23ac0000, 0x23ac0000)
  to   space 512K,   0% used [0x23ac0000, 0x23ac0000, 0x23b40000)
 tenured generation   total 10944K, used 9655K [0x28b40000, 0x295f0000, 0x335f0000)
   the space 10944K,  88% used [0x28b40000, 0x294adcc8, 0x294ade00, 0x295f0000)
 compacting perm gen  total 12288K, used 4178K [0x335f0000, 0x341f0000, 0x375f0000)
   the space 12288K,  34% used [0x335f0000, 0x33a04bc0, 0x33a04c00, 0x341f0000)
    ro space 10240K,  45% used [0x375f0000, 0x37a77290, 0x37a77400, 0x37ff0000)
    rw space 12288K,  54% used [0x37ff0000, 0x3867ace8, 0x3867ae00, 0x38bf0000)
Event: 1.348 GC heap after
Heap after GC invocations=9 (full 0):
 def new generation   total 4928K, used 508K [0x235f0000, 0x23b40000, 0x28b40000)
  eden space 4416K,   0% used [0x235f0000, 0x235f0000, 0x23a40000)
  from space 512K,  99% used [0x23ac0000, 0x23b3f068, 0x23b40000)
  to   space 512K,   0% used [0x23a40000, 0x23a40000, 0x23ac0000)
 tenured generation   total 10944K, used 10166K [0x28b40000, 0x295f0000, 0x335f0000)
   the space 10944K,  92% used [0x28b40000, 0x2952db98, 0x2952dc00, 0x295f0000)
 compacting perm gen  total 12288K, used 4178K [0x335f0000, 0x341f0000, 0x375f0000)
   the space 12288K,  34% used [0x335f0000, 0x33a04bc0, 0x33a04c00, 0x341f0000)
    ro space 10240K,  45% used [0x375f0000, 0x37a77290, 0x37a77400, 0x37ff0000)
    rw space 12288K,  54% used [0x37ff0000, 0x3867ace8, 0x3867ae00, 0x38bf0000)
}
Event: 1.388 GC heap before
{Heap before GC invocations=9 (full 0):
 def new generation   total 4928K, used 4924K [0x235f0000, 0x23b40000, 0x28b40000)
  eden space 4416K, 100% used [0x235f0000, 0x23a40000, 0x23a40000)
  from space 512K,  99% used [0x23ac0000, 0x23b3f068, 0x23b40000)
  to   space 512K,   0% used [0x23a40000, 0x23a40000, 0x23ac0000)
 tenured generation   total 10944K, used 10166K [0x28b40000, 0x295f0000, 0x335f0000)
   the space 10944K,  92% used [0x28b40000, 0x2952db98, 0x2952dc00, 0x295f0000)
 compacting perm gen  total 12288K, used 4178K [0x335f0000, 0x341f0000, 0x375f0000)
   the space 12288K,  34% used [0x335f0000, 0x33a04bc0, 0x33a04c00, 0x341f0000)
    ro space 10240K,  45% used [0x375f0000, 0x37a77290, 0x37a77400, 0x37ff0000)
    rw space 12288K,  54% used [0x37ff0000, 0x3867ace8, 0x3867ae00, 0x38bf0000)
Event: 1.390 GC heap after
Heap after GC invocations=10 (full 0):
 def new generation   total 4928K, used 181K [0x235f0000, 0x23b40000, 0x28b40000)
  eden space 4416K,   0% used [0x235f0000, 0x235f0000, 0x23a40000)
  from space 512K,  35% used [0x23a40000, 0x23a6d540, 0x23ac0000)
  to   space 512K,   0% used [0x23ac0000, 0x23ac0000, 0x23b40000)
 tenured generation   total 10944K, used 10546K [0x28b40000, 0x295f0000, 0x335f0000)
   the space 10944K,  96% used [0x28b40000, 0x2958c900, 0x2958ca00, 0x295f0000)
 compacting perm gen  total 12288K, used 4178K [0x335f0000, 0x341f0000, 0x375f0000)
   the space 12288K,  34% used [0x335f0000, 0x33a04bc0, 0x33a04c00, 0x341f0000)
    ro space 10240K,  45% used [0x375f0000, 0x37a77290, 0x37a77400, 0x37ff0000)
    rw space 12288K,  54% used [0x37ff0000, 0x3867ace8, 0x3867ae00, 0x38bf0000)
}
Event: 1.423 GC heap before
{Heap before GC invocations=10 (full 0):
 def new generation   total 4928K, used 4597K [0x235f0000, 0x23b40000, 0x28b40000)
  eden space 4416K, 100% used [0x235f0000, 0x23a40000, 0x23a40000)
  from space 512K,  35% used [0x23a40000, 0x23a6d540, 0x23ac0000)
  to   space 512K,   0% used [0x23ac0000, 0x23ac0000, 0x23b40000)
 tenured generation   total 10944K, used 10546K [0x28b40000, 0x295f0000, 0x335f0000)
   the space 10944K,  96% used [0x28b40000, 0x2958c900, 0x2958ca00, 0x295f0000)
 compacting perm gen  total 12288K, used 4178K [0x335f0000, 0x341f0000, 0x375f0000)
   the space 12288K,  34% used [0x335f0000, 0x33a04bc0, 0x33a04c00, 0x341f0000)
    ro space 10240K,  45% used [0x375f0000, 0x37a77290, 0x37a77400, 0x37ff0000)
    rw space 12288K,  54% used [0x37ff0000, 0x3867ace8, 0x3867ae00, 0x38bf0000)
Event: 1.424 GC heap after
Heap after GC invocations=11 (full 0):
 def new generation   total 4928K, used 180K [0x235f0000, 0x23b40000, 0x28b40000)
  eden space 4416K,   0% used [0x235f0000, 0x235f0000, 0x23a40000)
  from space 512K,  35% used [0x23ac0000, 0x23aed2f8, 0x23b40000)
  to   space 512K,   0% used [0x23a40000, 0x23a40000, 0x23ac0000)
 tenured generation   total 10944K, used 10546K [0x28b40000, 0x295f0000, 0x335f0000)
   the space 10944K,  96% used [0x28b40000, 0x2958c900, 0x2958ca00, 0x295f0000)
 compacting perm gen  total 12288K, used 4178K [0x335f0000, 0x341f0000, 0x375f0000)
   the space 12288K,  34% used [0x335f0000, 0x33a04bc0, 0x33a04c00, 0x341f0000)
    ro space 10240K,  45% used [0x375f0000, 0x37a77290, 0x37a77400, 0x37ff0000)
    rw space 12288K,  54% used [0x37ff0000, 0x3867ace8, 0x3867ae00, 0x38bf0000)
}
Event: 2.146 GC heap before
{Heap before GC invocations=11 (full 0):
 def new generation   total 4928K, used 4596K [0x235f0000, 0x23b40000, 0x28b40000)
  eden space 4416K, 100% used [0x235f0000, 0x23a40000, 0x23a40000)
  from space 512K,  35% used [0x23ac0000, 0x23aed2f8, 0x23b40000)
  to   space 512K,   0% used [0x23a40000, 0x23a40000, 0x23ac0000)
 tenured generation   total 10944K, used 10546K [0x28b40000, 0x295f0000, 0x335f0000)
   the space 10944K,  96% used [0x28b40000, 0x2958c900, 0x2958ca00, 0x295f0000)
 compacting perm gen  total 12288K, used 4926K [0x335f0000, 0x341f0000, 0x375f0000)
   the space 12288K,  40% used [0x335f0000, 0x33abfb30, 0x33abfc00, 0x341f0000)
    ro space 10240K,  45% used [0x375f0000, 0x37a77290, 0x37a77400, 0x37ff0000)
    rw space 12288K,  54% used [0x37ff0000, 0x3867ace8, 0x3867ae00, 0x38bf0000)
Event: 2.150 GC heap after
Heap after GC invocations=12 (full 0):
 def new generation   total 4928K, used 512K [0x235f0000, 0x23b40000, 0x28b40000)
  eden space 4416K,   0% used [0x235f0000, 0x235f0000, 0x23a40000)
  from space 512K, 100% used [0x23a40000, 0x23ac0000, 0x23ac0000)
  to   space 512K,   0% used [0x23ac0000, 0x23ac0000, 0x23b40000)
 tenured generation   total 10944K, used 10655K [0x28b40000, 0x295f0000, 0x335f0000)
   the space 10944K,  97% used [0x28b40000, 0x295a7d00, 0x295a7e00, 0x295f0000)
 compacting perm gen  total 12288K, used 4926K [0x335f0000, 0x341f0000, 0x375f0000)
   the space 12288K,  40% used [0x335f0000, 0x33abfb30, 0x33abfc00, 0x341f0000)
    ro space 10240K,  45% used [0x375f0000, 0x37a77290, 0x37a77400, 0x37ff0000)
    rw space 12288K,  54% used [0x37ff0000, 0x3867ace8, 0x3867ae00, 0x38bf0000)
}

